  Admin.cpp
C:\Program Files (x86)\Microsoft Visual Studio\2019\Community\VC\Tools\MSVC\14.28.29910\include\yvals.h(12,10): fatal error C1083: Cannot open include file: 'crtdbg.h': No such file or directory
  AException.cpp
C:\Program Files (x86)\Microsoft Visual Studio\2019\Community\VC\Tools\MSVC\14.28.29910\include\yvals.h(12,10): fatal error C1083: Cannot open include file: 'crtdbg.h': No such file or directory
  AUser.cpp
C:\Program Files (x86)\Microsoft Visual Studio\2019\Community\VC\Tools\MSVC\14.28.29910\include\yvals.h(12,10): fatal error C1083: Cannot open include file: 'crtdbg.h': No such file or directory
  Encryptor.cpp
C:\Program Files (x86)\Microsoft Visual Studio\2019\Community\VC\Tools\MSVC\14.28.29910\include\yvals.h(12,10): fatal error C1083: Cannot open include file: 'crtdbg.h': No such file or directory
  FactoryQuestion.cpp
C:\Program Files (x86)\Microsoft Visual Studio\2019\Community\VC\Tools\MSVC\14.28.29910\include\yvals.h(12,10): fatal error C1083: Cannot open include file: 'crtdbg.h': No such file or directory
  FactoryTest.cpp
C:\Program Files (x86)\Microsoft Visual Studio\2019\Community\VC\Tools\MSVC\14.28.29910\include\yvals.h(12,10): fatal error C1083: Cannot open include file: 'crtdbg.h': No such file or directory
  FactoryUser.cpp
C:\Program Files (x86)\Microsoft Visual Studio\2019\Community\VC\Tools\MSVC\14.28.29910\include\yvals.h(12,10): fatal error C1083: Cannot open include file: 'crtdbg.h': No such file or directory
  MultipleChoiceQuestion.cpp
C:\Program Files (x86)\Microsoft Visual Studio\2019\Community\VC\Tools\MSVC\14.28.29910\include\yvals.h(12,10): fatal error C1083: Cannot open include file: 'crtdbg.h': No such file or directory
  OpenEndedQuestion.cpp
C:\Program Files (x86)\Microsoft Visual Studio\2019\Community\VC\Tools\MSVC\14.28.29910\include\yvals.h(12,10): fatal error C1083: Cannot open include file: 'crtdbg.h': No such file or directory
  Parser.cpp
C:\Program Files (x86)\Microsoft Visual Studio\2019\Community\VC\Tools\MSVC\14.28.29910\include\cstdlib(12,10): fatal error C1083: Cannot open include file: 'math.h': No such file or directory
  Profesor.cpp
C:\Program Files (x86)\Microsoft Visual Studio\2019\Community\VC\Tools\MSVC\14.28.29910\include\yvals.h(12,10): fatal error C1083: Cannot open include file: 'crtdbg.h': No such file or directory
  Protocol.cpp
C:\Program Files (x86)\Microsoft Visual Studio\2019\Community\VC\Tools\MSVC\14.28.29910\include\yvals.h(12,10): fatal error C1083: Cannot open include file: 'crtdbg.h': No such file or directory
  PswdHash.cpp
C:\Program Files (x86)\Microsoft Visual Studio\2019\Community\VC\Tools\MSVC\14.28.29910\include\yvals.h(12,10): fatal error C1083: Cannot open include file: 'crtdbg.h': No such file or directory
  Query.cpp
C:\Program Files (x86)\Microsoft Visual Studio\2019\Community\VC\Tools\MSVC\14.28.29910\include\yvals.h(12,10): fatal error C1083: Cannot open include file: 'crtdbg.h': No such file or directory
  Question.cpp
C:\Program Files (x86)\Microsoft Visual Studio\2019\Community\VC\Tools\MSVC\14.28.29910\include\yvals.h(12,10): fatal error C1083: Cannot open include file: 'crtdbg.h': No such file or directory
  QuestionException.cpp
C:\Program Files (x86)\Microsoft Visual Studio\2019\Community\VC\Tools\MSVC\14.28.29910\include\yvals.h(12,10): fatal error C1083: Cannot open include file: 'crtdbg.h': No such file or directory
  Server.cpp
C:\Users\Admin\Downloads\poo\Server.h(5,10): fatal error C1083: Cannot open include file: 'windows.h': No such file or directory
  ServerException.cpp
C:\Program Files (x86)\Microsoft Visual Studio\2019\Community\VC\Tools\MSVC\14.28.29910\include\yvals.h(12,10): fatal error C1083: Cannot open include file: 'crtdbg.h': No such file or directory
  Source.cpp
C:\Users\Admin\Downloads\poo\Source.cpp(4,10): fatal error C1083: Cannot open include file: 'windows.h': No such file or directory
  SQLManager.cpp
C:\Program Files (x86)\Microsoft Visual Studio\2019\Community\VC\Tools\MSVC\14.28.29910\include\yvals.h(12,10): fatal error C1083: Cannot open include file: 'crtdbg.h': No such file or directory
  Compiling...
  SQLMException.cpp
C:\Program Files (x86)\Microsoft Visual Studio\2019\Community\VC\Tools\MSVC\14.28.29910\include\yvals.h(12,10): fatal error C1083: Cannot open include file: 'crtdbg.h': No such file or directory
  Student.cpp
C:\Program Files (x86)\Microsoft Visual Studio\2019\Community\VC\Tools\MSVC\14.28.29910\include\yvals.h(12,10): fatal error C1083: Cannot open include file: 'crtdbg.h': No such file or directory
  Test.cpp
C:\Program Files (x86)\Microsoft Visual Studio\2019\Community\VC\Tools\MSVC\14.28.29910\include\yvals.h(12,10): fatal error C1083: Cannot open include file: 'crtdbg.h': No such file or directory
  TestException.cpp
C:\Program Files (x86)\Microsoft Visual Studio\2019\Community\VC\Tools\MSVC\14.28.29910\include\yvals.h(12,10): fatal error C1083: Cannot open include file: 'crtdbg.h': No such file or directory
  TrustedTime.cpp
C:\Program Files (x86)\Microsoft Visual Studio\2019\Community\VC\Tools\MSVC\14.28.29910\include\yvals.h(12,10): fatal error C1083: Cannot open include file: 'crtdbg.h': No such file or directory
  UserException.cpp
C:\Program Files (x86)\Microsoft Visual Studio\2019\Community\VC\Tools\MSVC\14.28.29910\include\yvals.h(12,10): fatal error C1083: Cannot open include file: 'crtdbg.h': No such file or directory
